<?xml version="1.0" encoding="UTF-8"?>
<!-- Generated by org.testng.reporters.JUnitReportReporter -->
<testsuite skipped="0" hostname="DESKTOP-IDTNI42" name="frameworks.carloan" tests="3" failures="0" timestamp="30 Jun 2021 18:13:05 GMT" time="0.000" errors="0">
  <testcase name="carloanloginweb" time="0.000" classname="frameworks.carloan"/>
  <testcase name="carloanloginapp" time="0.000" classname="frameworks.carloan"/>
  <testcase name="carloanloginnet" time="0.000" classname="frameworks.carloan"/>
</testsuite> <!-- frameworks.carloan -->
