<?xml version="1.0" encoding="UTF-8"?>
<!-- Generated by org.testng.reporters.JUnitReportReporter -->
<testsuite skipped="0" hostname="DESKTOP-IDTNI42" name="Loans.NewTour" tests="4" failures="0" timestamp="30 Jul 2021 06:59:38 GMT" time="12.309" errors="0">
  <testcase name="openBrowser" time="3.517" classname="Loans.NewTour"/>
  <testcase name="openAUT" time="3.039" classname="Loans.NewTour"/>
  <testcase name="TestLogin" time="4.609" classname="Loans.NewTour"/>
  <testcase name="closeBrowswer" time="1.144" classname="Loans.NewTour"/>
</testsuite> <!-- Loans.NewTour -->
