<?xml version="1.0" encoding="UTF-8"?>
<!-- Generated by org.testng.reporters.JUnitReportReporter -->
<testsuite skipped="0" hostname="DESKTOP-IDTNI42" name="Loans.fixedloan" tests="3" failures="0" timestamp="08 Sep 2021 04:23:51 GMT" time="0.035" errors="0">
  <testcase name="fixedloanloginapp" time="0.035" classname="Loans.fixedloan"/>
  <testcase name="fixedloanloginnet" time="0.000" classname="Loans.fixedloan"/>
  <testcase name="fixedloanloginweb" time="0.000" classname="Loans.fixedloan"/>
</testsuite> <!-- Loans.fixedloan -->
