<?xml version="1.0" encoding="UTF-8"?>
<!-- Generated by org.testng.reporters.JUnitReportReporter -->
<testsuite skipped="0" hostname="DESKTOP-IDTNI42" name="frameworks.flexiloan" tests="3" failures="0" timestamp="30 Jun 2021 18:13:05 GMT" time="0.015" errors="0">
  <testcase name="flexiloanloginnet" time="0.015" classname="frameworks.flexiloan"/>
  <testcase name="flexiloanloginapp" time="0.000" classname="frameworks.flexiloan"/>
  <testcase name="flexiloanloginweb" time="0.000" classname="frameworks.flexiloan"/>
</testsuite> <!-- frameworks.flexiloan -->
