<?xml version="1.0" encoding="UTF-8"?>
<!-- Generated by org.testng.reporters.JUnitReportReporter -->
<testsuite skipped="0" hostname="DESKTOP-IDTNI42" name="frameworks.fixedloan" tests="3" failures="0" timestamp="30 Jun 2021 18:13:05 GMT" time="0.016" errors="0">
  <testcase name="fixedloanloginweb" time="0.000" classname="frameworks.fixedloan"/>
  <testcase name="fixedloanloginapp" time="0.016" classname="frameworks.fixedloan"/>
  <testcase name="fixedloanloginnet" time="0.000" classname="frameworks.fixedloan"/>
</testsuite> <!-- frameworks.fixedloan -->
