<?xml version="1.0" encoding="UTF-8"?>
<!-- Generated by org.testng.reporters.JUnitReportReporter -->
<testsuite skipped="0" hostname="DESKTOP-IDTNI42" name="Loans.carloan" tests="1" failures="0" timestamp="30 Jul 2021 06:59:38 GMT" time="0.000" errors="0">
  <testcase name="carloanloginweb" time="0.000" classname="Loans.carloan"/>
</testsuite> <!-- Loans.carloan -->
